2025-04-16 21:43:17 - backend - INFO - Register attempt: email=user4@example.com, role=employeee
2025-04-16 21:43:17 - backend - WARNING - Register failed: Недопустимая роль. Допустимые значения: 'employee', 'moderator'
2025-04-16 21:45:36 - backend - INFO - Login attempt: email=user3@example.com
2025-04-16 21:45:36 - backend - ERROR - Login error: Invalid salt
Traceback (most recent call last):
  File "C:\Users\yaric\Desktop\avito-test\app\main.py", line 387, in login_user
    if not user or not verify_password(user_data.password, user[2]):
                       ^^^^^^^^^^^^^^^^^^^^^^^^^^^^^^^^^^^^^^^^^^^^
  File "C:\Users\yaric\Desktop\avito-test\app\security.py", line 25, in verify_password
    return bcrypt.checkpw(
           ^^^^^^^^^^^^^^^
ValueError: Invalid salt
2025-04-16 21:45:49 - backend - INFO - Login attempt: email=user3@example.com
2025-04-16 21:45:49 - backend - ERROR - Login error: Invalid salt
Traceback (most recent call last):
  File "C:\Users\yaric\Desktop\avito-test\app\main.py", line 387, in login_user
    if not user or not verify_password(user_data.password, user[2]):
                       ^^^^^^^^^^^^^^^^^^^^^^^^^^^^^^^^^^^^^^^^^^^^
  File "C:\Users\yaric\Desktop\avito-test\app\security.py", line 25, in verify_password
    return bcrypt.checkpw(
           ^^^^^^^^^^^^^^^
ValueError: Invalid salt
2025-04-16 21:55:14 - backend - INFO - Register attempt: email=user@example.com, role=employee
2025-04-16 21:55:15 - backend - INFO - User registered: id=29537983-283b-4a67-9321-88ee2619507b
2025-04-16 21:55:25 - backend - INFO - Login attempt: email=user@example.com
2025-04-16 21:55:25 - backend - ERROR - Login error: Invalid salt
Traceback (most recent call last):
  File "C:\Users\yaric\Desktop\avito-test\app\main.py", line 387, in login_user
    if not user or not verify_password(user_data.password, user[2]):
                       ^^^^^^^^^^^^^^^^^^^^^^^^^^^^^^^^^^^^^^^^^^^^
  File "C:\Users\yaric\Desktop\avito-test\app\security.py", line 25, in verify_password
    return bcrypt.checkpw(
           ^^^^^^^^^^^^^^^
ValueError: Invalid salt
2025-04-16 21:56:04 - backend - INFO - Login attempt: email=user@example.com
2025-04-16 21:56:04 - backend - WARNING - Login failed: Неверный email или пароль
2025-04-16 21:56:10 - backend - INFO - Register attempt: email=user@example.com, role=employee
2025-04-16 21:56:10 - backend - INFO - User registered: id=7ed4bc7f-7319-47aa-af9d-69e132a8a8ae
2025-04-16 21:56:16 - backend - INFO - Login attempt: email=user@example.com
2025-04-16 21:56:17 - backend - INFO - User logged in: email=user@example.com
2025-04-16 21:57:57 - backend - INFO - Login attempt: email=user@example.com
2025-04-16 21:57:57 - backend - INFO - User logged in: email=user@example.com
2025-04-16 21:57:59 - backend - INFO - Login attempt: email=user@example.com
2025-04-16 21:57:59 - backend - INFO - User logged in: email=user@example.com
2025-04-16 21:58:02 - backend - INFO - Login attempt: email=user@example.com
2025-04-16 21:58:02 - backend - INFO - User logged in: email=user@example.com
